[GIN-debug] [WARNING] Creating an Engine instance with the Logger and Recovery middleware already attached.

[GIN-debug] [WARNING] Running in "debug" mode. Switch to "release" mode in production.
 - using env:	export GIN_MODE=release
 - using code:	gin.SetMode(gin.ReleaseMode)

[GIN-debug] POST   /order                    --> Order-Service/middleware.IfAuthorized.func1 (4 handlers)
[GIN-debug] GET    /:userId/order            --> Order-Service/middleware.IfAuthorized.func1 (4 handlers)
[GIN-debug] POST   /order/:orderId/payment   --> Order-Service/middleware.IfAuthorized.func1 (4 handlers)
[GIN-debug] POST   /order/:orderId/deliver   --> Order-Service/middleware.IfAuthorized.func1 (4 handlers)
[GIN-debug] DELETE /order/:orderId           --> Order-Service/middleware.IfAuthorized.func1 (4 handlers)
[GIN-debug] GET    /swaggerui/*filepath      --> github.com/gin-gonic/gin.(*RouterGroup).createStaticHandler.func1 (4 handlers)
[GIN-debug] HEAD   /swaggerui/*filepath      --> github.com/gin-gonic/gin.(*RouterGroup).createStaticHandler.func1 (4 handlers)
[GIN-debug] [WARNING] You trusted all proxies, this is NOT safe. We recommend you to set a value.
Please check https://pkg.go.dev/github.com/gin-gonic/gin#readme-don-t-trust-all-proxies for details.
[GIN-debug] Listening and serving HTTP on :5003
[GIN] 2022/04/04 - 18:41:16 | 404 |    2.7096403s |             ::1 | DELETE   "/order/624aece5859691e31320cb1f"
[GIN] 2022/04/04 - 18:41:33 | 200 |    1.0950501s |             ::1 | DELETE   "/order/624aed64859691e31320cb21"
[GIN] 2022/04/04 - 18:42:02 | 400 |    3.8351408s |             ::1 | POST     "/order"
[GIN] 2022/04/04 - 18:42:10 | 400 |     1.151447s |             ::1 | POST     "/order"
[GIN] 2022/04/04 - 18:42:12 | 400 |    1.1352456s |             ::1 | POST     "/order"
[GIN] 2022/04/04 - 18:50:33 | 400 |     1.131551s |             ::1 | POST     "/order"
[GIN] 2022/04/04 - 18:52:01 | 200 |    1.1132456s |             ::1 | POST     "/order"
[GIN] 2022/04/04 - 18:52:14 | 401 |            0s |             ::1 | GET      "/6231fc50c7a454ef0f24276a/order"
[GIN] 2022/04/04 - 18:52:49 | 200 |    115.9463ms |             ::1 | GET      "/6231fc50c7a454ef0f24276a/order"
[GIN] 2022/04/04 - 18:52:59 | 400 |     41.7829ms |             ::1 | POST     "/order/624aeced859691e31320cb20/deliver"
[GIN] 2022/04/04 - 18:53:05 | 400 |     31.2374ms |             ::1 | POST     "/order/624aeced859691e31320cb20/payment"
[GIN] 2022/04/04 - 18:53:09 | 404 |     62.2019ms |             ::1 | DELETE   "/order/624aed64859691e31320cb21"
