2022/03/29 20:42:59 reader.go:311: entering loop for consumer group, my-group
2022/03/29 20:43:18 consumergroup.go:946: joined group my-group as member gin.exe@LAPTOP-RULD3VCE (github.com/segmentio/kafka-go)-5bd4fc15-5869-47e1-b497-49d26bad5191 in generation 5
2022/03/29 20:43:18 consumergroup.go:1006: selected as leader for group, my-group
2022/03/29 20:43:18 consumergroup.go:1034: using 'range' balancer to assign group, my-group
2022/03/29 20:43:18 consumergroup.go:1036: found member: gin.exe@LAPTOP-RULD3VCE (github.com/segmentio/kafka-go)-5bd4fc15-5869-47e1-b497-49d26bad5191/[]byte(nil)
2022/03/29 20:43:18 consumergroup.go:1039: found topic/partition: reservations/0
2022/03/29 20:43:18 consumergroup.go:960: assigned member/topic/partitions gin.exe@LAPTOP-RULD3VCE (github.com/segmentio/kafka-go)-5bd4fc15-5869-47e1-b497-49d26bad5191/reservations/[0]
2022/03/29 20:43:18 consumergroup.go:967: joinGroup succeeded for response, my-group.  generationID=5, memberID=gin.exe@LAPTOP-RULD3VCE (github.com/segmentio/kafka-go)-5bd4fc15-5869-47e1-b497-49d26bad5191
2022/03/29 20:43:18 consumergroup.go:800: Joined group my-group as member gin.exe@LAPTOP-RULD3VCE (github.com/segmentio/kafka-go)-5bd4fc15-5869-47e1-b497-49d26bad5191 in generation 5
2022/03/29 20:43:18 consumergroup.go:1133: Syncing 1 assignments for generation 5 as member gin.exe@LAPTOP-RULD3VCE (github.com/segmentio/kafka-go)-5bd4fc15-5869-47e1-b497-49d26bad5191
2022/03/29 20:43:18 consumergroup.go:1098: sync group finished for group, my-group
2022/03/29 20:43:18 reader.go:141: subscribed to topics and partitions: map[{topic:reservations partition:0}:7]
2022/03/29 20:43:18 consumergroup.go:467: started heartbeat for group, my-group [3s]
2022/03/29 20:43:18 reader.go:289: started commit for group my-group
2022/03/29 20:43:18 reader.go:1263: initializing kafka reader for partition 0 of reservations starting at offset 7
2022/03/29 20:43:18 reader.go:1445: the kafka reader for partition 0 of reservations is seeking to offset 7
2022/03/29 20:43:27 reader.go:1348: no messages received from kafka within the allocated time for partition 0 of reservations at offset 7
2022/03/29 20:43:32 consumergroup.go:454: committed offsets for group my-group: 
	topic: reservations
		partition 0: 8
2022/03/29 20:43:41 reader.go:1348: no messages received from kafka within the allocated time for partition 0 of reservations at offset 8
2022/03/29 20:43:50 reader.go:1348: no messages received from kafka within the allocated time for partition 0 of reservations at offset 8
2022/03/29 20:43:59 reader.go:1348: no messages received from kafka within the allocated time for partition 0 of reservations at offset 8
2022/03/29 20:44:08 reader.go:1348: no messages received from kafka within the allocated time for partition 0 of reservations at offset 8
2022/03/29 20:44:17 reader.go:1348: no messages received from kafka within the allocated time for partition 0 of reservations at offset 8
2022/03/29 20:44:26 reader.go:1348: no messages received from kafka within the allocated time for partition 0 of reservations at offset 8
2022/03/29 20:44:35 reader.go:1348: no messages received from kafka within the allocated time for partition 0 of reservations at offset 8
2022/03/29 20:44:44 reader.go:1348: no messages received from kafka within the allocated time for partition 0 of reservations at offset 8
2022/03/29 20:44:53 reader.go:1348: no messages received from kafka within the allocated time for partition 0 of reservations at offset 8
2022/03/29 20:45:02 reader.go:1348: no messages received from kafka within the allocated time for partition 0 of reservations at offset 8
2022/03/29 20:45:11 reader.go:1348: no messages received from kafka within the allocated time for partition 0 of reservations at offset 8
2022/03/29 20:45:20 reader.go:1348: no messages received from kafka within the allocated time for partition 0 of reservations at offset 8
2022/03/29 20:45:29 reader.go:1348: no messages received from kafka within the allocated time for partition 0 of reservations at offset 8
2022/03/29 20:45:38 reader.go:1348: no messages received from kafka within the allocated time for partition 0 of reservations at offset 8
2022/03/29 20:45:47 reader.go:1348: no messages received from kafka within the allocated time for partition 0 of reservations at offset 8
2022/03/29 20:45:56 reader.go:1348: no messages received from kafka within the allocated time for partition 0 of reservations at offset 8
2022/03/29 20:46:05 reader.go:1348: no messages received from kafka within the allocated time for partition 0 of reservations at offset 8
2022/03/29 20:46:14 reader.go:1348: no messages received from kafka within the allocated time for partition 0 of reservations at offset 8
2022/03/29 20:46:23 reader.go:1348: no messages received from kafka within the allocated time for partition 0 of reservations at offset 8
2022/03/29 20:46:32 reader.go:1348: no messages received from kafka within the allocated time for partition 0 of reservations at offset 8
2022/03/29 20:46:41 reader.go:1348: no messages received from kafka within the allocated time for partition 0 of reservations at offset 8
2022/03/29 20:46:50 reader.go:1348: no messages received from kafka within the allocated time for partition 0 of reservations at offset 8
2022/03/29 20:47:00 reader.go:1348: no messages received from kafka within the allocated time for partition 0 of reservations at offset 8
2022/03/29 20:47:09 reader.go:1348: no messages received from kafka within the allocated time for partition 0 of reservations at offset 8
2022/03/29 20:47:18 reader.go:1348: no messages received from kafka within the allocated time for partition 0 of reservations at offset 8
2022/03/29 20:47:26 reader.go:311: entering loop for consumer group, my-group
2022/03/29 20:47:51 consumergroup.go:946: joined group my-group as member gin.exe@LAPTOP-RULD3VCE (github.com/segmentio/kafka-go)-c2957a54-d030-4d51-9a6e-a71c7c720fc8 in generation 6
2022/03/29 20:47:51 consumergroup.go:1006: selected as leader for group, my-group
2022/03/29 20:47:51 consumergroup.go:1034: using 'range' balancer to assign group, my-group
2022/03/29 20:47:51 consumergroup.go:1036: found member: gin.exe@LAPTOP-RULD3VCE (github.com/segmentio/kafka-go)-c2957a54-d030-4d51-9a6e-a71c7c720fc8/[]byte(nil)
2022/03/29 20:47:51 consumergroup.go:1039: found topic/partition: reservations/0
2022/03/29 20:47:51 consumergroup.go:960: assigned member/topic/partitions gin.exe@LAPTOP-RULD3VCE (github.com/segmentio/kafka-go)-c2957a54-d030-4d51-9a6e-a71c7c720fc8/reservations/[0]
2022/03/29 20:47:51 consumergroup.go:967: joinGroup succeeded for response, my-group.  generationID=6, memberID=gin.exe@LAPTOP-RULD3VCE (github.com/segmentio/kafka-go)-c2957a54-d030-4d51-9a6e-a71c7c720fc8
2022/03/29 20:47:51 consumergroup.go:800: Joined group my-group as member gin.exe@LAPTOP-RULD3VCE (github.com/segmentio/kafka-go)-c2957a54-d030-4d51-9a6e-a71c7c720fc8 in generation 6
2022/03/29 20:47:51 consumergroup.go:1133: Syncing 1 assignments for generation 6 as member gin.exe@LAPTOP-RULD3VCE (github.com/segmentio/kafka-go)-c2957a54-d030-4d51-9a6e-a71c7c720fc8
2022/03/29 20:47:51 consumergroup.go:1098: sync group finished for group, my-group
2022/03/29 20:47:51 reader.go:141: subscribed to topics and partitions: map[{topic:reservations partition:0}:8]
2022/03/29 20:47:51 consumergroup.go:467: started heartbeat for group, my-group [3s]
2022/03/29 20:47:51 reader.go:289: started commit for group my-group
2022/03/29 20:47:51 reader.go:1263: initializing kafka reader for partition 0 of reservations starting at offset 8
2022/03/29 20:47:51 reader.go:1445: the kafka reader for partition 0 of reservations is seeking to offset 8
2022/03/29 20:47:51 consumergroup.go:454: committed offsets for group my-group: 
	topic: reservations
		partition 0: 9
2022/03/29 20:48:00 reader.go:1348: no messages received from kafka within the allocated time for partition 0 of reservations at offset 9
2022/03/29 20:48:09 reader.go:1348: no messages received from kafka within the allocated time for partition 0 of reservations at offset 9
2022/03/29 20:48:18 reader.go:1348: no messages received from kafka within the allocated time for partition 0 of reservations at offset 9
2022/03/29 20:48:27 reader.go:1348: no messages received from kafka within the allocated time for partition 0 of reservations at offset 9
2022/03/29 20:48:36 reader.go:1348: no messages received from kafka within the allocated time for partition 0 of reservations at offset 9
2022/03/29 20:48:45 reader.go:1348: no messages received from kafka within the allocated time for partition 0 of reservations at offset 9
2022/03/29 20:48:54 reader.go:1348: no messages received from kafka within the allocated time for partition 0 of reservations at offset 9
2022/03/29 20:49:03 reader.go:1348: no messages received from kafka within the allocated time for partition 0 of reservations at offset 9
2022/03/29 20:49:12 reader.go:1348: no messages received from kafka within the allocated time for partition 0 of reservations at offset 9
2022/03/29 20:49:21 reader.go:1348: no messages received from kafka within the allocated time for partition 0 of reservations at offset 9
2022/03/29 20:49:30 reader.go:1348: no messages received from kafka within the allocated time for partition 0 of reservations at offset 9
2022/03/29 20:49:39 reader.go:1348: no messages received from kafka within the allocated time for partition 0 of reservations at offset 9
2022/03/29 20:49:48 reader.go:1348: no messages received from kafka within the allocated time for partition 0 of reservations at offset 9
2022/03/29 20:49:57 reader.go:1348: no messages received from kafka within the allocated time for partition 0 of reservations at offset 9
2022/03/29 20:50:06 reader.go:1348: no messages received from kafka within the allocated time for partition 0 of reservations at offset 9
2022/03/29 20:50:15 reader.go:1348: no messages received from kafka within the allocated time for partition 0 of reservations at offset 9
2022/03/29 20:50:24 reader.go:1348: no messages received from kafka within the allocated time for partition 0 of reservations at offset 9
2022/03/29 20:50:33 reader.go:1348: no messages received from kafka within the allocated time for partition 0 of reservations at offset 9
2022/03/29 20:50:42 reader.go:1348: no messages received from kafka within the allocated time for partition 0 of reservations at offset 9
2022/03/29 20:50:51 reader.go:1348: no messages received from kafka within the allocated time for partition 0 of reservations at offset 9
2022/03/29 20:51:00 reader.go:1348: no messages received from kafka within the allocated time for partition 0 of reservations at offset 9
2022/03/29 20:51:09 reader.go:1348: no messages received from kafka within the allocated time for partition 0 of reservations at offset 9
2022/03/29 20:51:18 reader.go:1348: no messages received from kafka within the allocated time for partition 0 of reservations at offset 9
2022/03/29 20:51:27 reader.go:1348: no messages received from kafka within the allocated time for partition 0 of reservations at offset 9
2022/03/29 20:51:36 reader.go:1348: no messages received from kafka within the allocated time for partition 0 of reservations at offset 9
2022/03/29 20:51:45 reader.go:1348: no messages received from kafka within the allocated time for partition 0 of reservations at offset 9
2022/03/29 20:51:54 reader.go:1348: no messages received from kafka within the allocated time for partition 0 of reservations at offset 9
2022/03/29 20:52:03 reader.go:1348: no messages received from kafka within the allocated time for partition 0 of reservations at offset 9
2022/03/29 20:52:12 reader.go:1348: no messages received from kafka within the allocated time for partition 0 of reservations at offset 9
2022/03/29 20:52:21 reader.go:1348: no messages received from kafka within the allocated time for partition 0 of reservations at offset 9
2022/03/29 20:52:30 reader.go:1348: no messages received from kafka within the allocated time for partition 0 of reservations at offset 9
2022/03/29 20:52:40 reader.go:1348: no messages received from kafka within the allocated time for partition 0 of reservations at offset 9
2022/03/29 20:52:49 reader.go:1348: no messages received from kafka within the allocated time for partition 0 of reservations at offset 9
2022/03/29 20:52:58 reader.go:1348: no messages received from kafka within the allocated time for partition 0 of reservations at offset 9
2022/03/29 20:53:07 reader.go:1348: no messages received from kafka within the allocated time for partition 0 of reservations at offset 9
2022/03/29 20:53:16 reader.go:1348: no messages received from kafka within the allocated time for partition 0 of reservations at offset 9
2022/03/29 20:53:25 reader.go:1348: no messages received from kafka within the allocated time for partition 0 of reservations at offset 9
2022/03/29 20:53:34 reader.go:1348: no messages received from kafka within the allocated time for partition 0 of reservations at offset 9
2022/03/29 20:53:43 reader.go:1348: no messages received from kafka within the allocated time for partition 0 of reservations at offset 9
2022/03/29 20:53:52 reader.go:1348: no messages received from kafka within the allocated time for partition 0 of reservations at offset 9
2022/03/29 20:54:01 reader.go:1348: no messages received from kafka within the allocated time for partition 0 of reservations at offset 9
2022/03/29 20:54:10 reader.go:1348: no messages received from kafka within the allocated time for partition 0 of reservations at offset 9
2022/03/29 20:54:19 reader.go:1348: no messages received from kafka within the allocated time for partition 0 of reservations at offset 9
2022/03/29 20:54:28 reader.go:1348: no messages received from kafka within the allocated time for partition 0 of reservations at offset 9
2022/03/29 20:54:37 reader.go:1348: no messages received from kafka within the allocated time for partition 0 of reservations at offset 9
2022/03/29 20:54:46 reader.go:1348: no messages received from kafka within the allocated time for partition 0 of reservations at offset 9
2022/03/29 20:54:55 reader.go:1348: no messages received from kafka within the allocated time for partition 0 of reservations at offset 9
2022/03/29 20:55:04 reader.go:1348: no messages received from kafka within the allocated time for partition 0 of reservations at offset 9
2022/03/29 20:55:13 reader.go:1348: no messages received from kafka within the allocated time for partition 0 of reservations at offset 9
2022/03/29 20:55:22 reader.go:1348: no messages received from kafka within the allocated time for partition 0 of reservations at offset 9
2022/03/29 20:55:31 reader.go:1348: no messages received from kafka within the allocated time for partition 0 of reservations at offset 9
2022/03/29 20:55:40 reader.go:1348: no messages received from kafka within the allocated time for partition 0 of reservations at offset 9
2022/03/29 20:55:49 reader.go:1348: no messages received from kafka within the allocated time for partition 0 of reservations at offset 9
2022/03/29 20:55:58 reader.go:1348: no messages received from kafka within the allocated time for partition 0 of reservations at offset 9
2022/03/29 20:56:07 reader.go:1348: no messages received from kafka within the allocated time for partition 0 of reservations at offset 9
2022/03/29 20:56:16 reader.go:1348: no messages received from kafka within the allocated time for partition 0 of reservations at offset 9
2022/03/29 20:56:25 reader.go:1348: no messages received from kafka within the allocated time for partition 0 of reservations at offset 9
2022/03/29 20:56:34 reader.go:1348: no messages received from kafka within the allocated time for partition 0 of reservations at offset 9
2022/03/29 20:56:43 reader.go:1348: no messages received from kafka within the allocated time for partition 0 of reservations at offset 9
2022/03/29 20:56:52 reader.go:1348: no messages received from kafka within the allocated time for partition 0 of reservations at offset 9
2022/03/29 20:57:01 reader.go:1348: no messages received from kafka within the allocated time for partition 0 of reservations at offset 9
2022/03/29 20:57:10 reader.go:1348: no messages received from kafka within the allocated time for partition 0 of reservations at offset 9
2022/03/29 20:57:19 reader.go:1348: no messages received from kafka within the allocated time for partition 0 of reservations at offset 9
2022/03/29 20:57:28 reader.go:1348: no messages received from kafka within the allocated time for partition 0 of reservations at offset 9
2022/03/29 20:57:37 reader.go:1348: no messages received from kafka within the allocated time for partition 0 of reservations at offset 9
2022/03/29 20:57:46 reader.go:1348: no messages received from kafka within the allocated time for partition 0 of reservations at offset 9
2022/03/29 20:57:55 reader.go:1348: no messages received from kafka within the allocated time for partition 0 of reservations at offset 9
2022/03/29 20:58:04 reader.go:1348: no messages received from kafka within the allocated time for partition 0 of reservations at offset 9
2022/03/29 20:58:13 reader.go:1348: no messages received from kafka within the allocated time for partition 0 of reservations at offset 9
2022/03/29 20:58:22 reader.go:1348: no messages received from kafka within the allocated time for partition 0 of reservations at offset 9
2022/03/29 20:58:31 reader.go:1348: no messages received from kafka within the allocated time for partition 0 of reservations at offset 9
2022/03/29 20:58:40 reader.go:1348: no messages received from kafka within the allocated time for partition 0 of reservations at offset 9
2022/03/29 20:58:49 reader.go:1348: no messages received from kafka within the allocated time for partition 0 of reservations at offset 9
2022/03/29 20:58:58 reader.go:1348: no messages received from kafka within the allocated time for partition 0 of reservations at offset 9
2022/03/29 20:59:07 reader.go:1348: no messages received from kafka within the allocated time for partition 0 of reservations at offset 9
2022/03/29 20:59:16 reader.go:1348: no messages received from kafka within the allocated time for partition 0 of reservations at offset 9
2022/03/29 20:59:25 reader.go:1348: no messages received from kafka within the allocated time for partition 0 of reservations at offset 9
2022/03/29 20:59:34 reader.go:1348: no messages received from kafka within the allocated time for partition 0 of reservations at offset 9
2022/03/29 20:59:43 reader.go:1348: no messages received from kafka within the allocated time for partition 0 of reservations at offset 9
2022/03/29 20:59:52 reader.go:1348: no messages received from kafka within the allocated time for partition 0 of reservations at offset 9
2022/03/29 21:00:01 reader.go:1348: no messages received from kafka within the allocated time for partition 0 of reservations at offset 9
2022/03/29 21:00:10 reader.go:1348: no messages received from kafka within the allocated time for partition 0 of reservations at offset 9
2022/03/29 21:00:19 reader.go:1348: no messages received from kafka within the allocated time for partition 0 of reservations at offset 9
2022/03/29 21:00:28 reader.go:1348: no messages received from kafka within the allocated time for partition 0 of reservations at offset 9
2022/03/29 21:00:37 reader.go:1348: no messages received from kafka within the allocated time for partition 0 of reservations at offset 9
2022/03/29 21:00:46 reader.go:1348: no messages received from kafka within the allocated time for partition 0 of reservations at offset 9
2022/03/29 21:00:55 reader.go:1348: no messages received from kafka within the allocated time for partition 0 of reservations at offset 9
2022/03/29 21:01:04 reader.go:1348: no messages received from kafka within the allocated time for partition 0 of reservations at offset 9
2022/03/29 21:01:13 reader.go:1348: no messages received from kafka within the allocated time for partition 0 of reservations at offset 9
2022/03/29 21:01:22 reader.go:1348: no messages received from kafka within the allocated time for partition 0 of reservations at offset 9
2022/03/29 21:01:31 reader.go:1348: no messages received from kafka within the allocated time for partition 0 of reservations at offset 9
2022/03/29 21:01:40 reader.go:1348: no messages received from kafka within the allocated time for partition 0 of reservations at offset 9
2022/03/29 21:01:49 reader.go:1348: no messages received from kafka within the allocated time for partition 0 of reservations at offset 9
2022/03/29 21:01:58 reader.go:1348: no messages received from kafka within the allocated time for partition 0 of reservations at offset 9
2022/03/29 21:02:07 reader.go:1348: no messages received from kafka within the allocated time for partition 0 of reservations at offset 9
2022/03/29 21:02:16 reader.go:1348: no messages received from kafka within the allocated time for partition 0 of reservations at offset 9
2022/03/29 21:02:25 reader.go:1348: no messages received from kafka within the allocated time for partition 0 of reservations at offset 9
2022/03/29 21:02:34 reader.go:1348: no messages received from kafka within the allocated time for partition 0 of reservations at offset 9
2022/03/29 21:02:43 reader.go:1348: no messages received from kafka within the allocated time for partition 0 of reservations at offset 9
2022/03/29 21:02:52 reader.go:1348: no messages received from kafka within the allocated time for partition 0 of reservations at offset 9
2022/03/29 21:03:01 reader.go:1348: no messages received from kafka within the allocated time for partition 0 of reservations at offset 9
2022/03/29 21:03:10 reader.go:1348: no messages received from kafka within the allocated time for partition 0 of reservations at offset 9
2022/03/29 21:03:19 reader.go:1348: no messages received from kafka within the allocated time for partition 0 of reservations at offset 9
2022/03/29 21:03:28 reader.go:1348: no messages received from kafka within the allocated time for partition 0 of reservations at offset 9
2022/03/29 21:03:37 reader.go:1348: no messages received from kafka within the allocated time for partition 0 of reservations at offset 9
2022/03/29 21:03:46 reader.go:1348: no messages received from kafka within the allocated time for partition 0 of reservations at offset 9
2022/03/29 21:03:55 reader.go:1348: no messages received from kafka within the allocated time for partition 0 of reservations at offset 9
2022/03/29 21:04:04 reader.go:1348: no messages received from kafka within the allocated time for partition 0 of reservations at offset 9
2022/03/29 21:04:13 reader.go:1348: no messages received from kafka within the allocated time for partition 0 of reservations at offset 9
2022/03/29 21:04:22 reader.go:1348: no messages received from kafka within the allocated time for partition 0 of reservations at offset 9
2022/03/29 21:04:31 reader.go:1348: no messages received from kafka within the allocated time for partition 0 of reservations at offset 9
2022/03/29 21:04:40 reader.go:1348: no messages received from kafka within the allocated time for partition 0 of reservations at offset 9
2022/03/29 21:04:49 reader.go:1348: no messages received from kafka within the allocated time for partition 0 of reservations at offset 9
2022/03/29 21:04:58 reader.go:1348: no messages received from kafka within the allocated time for partition 0 of reservations at offset 9
2022/03/29 21:05:07 reader.go:1348: no messages received from kafka within the allocated time for partition 0 of reservations at offset 9
2022/03/29 21:05:16 reader.go:1348: no messages received from kafka within the allocated time for partition 0 of reservations at offset 9
2022/03/29 21:05:25 reader.go:1348: no messages received from kafka within the allocated time for partition 0 of reservations at offset 9
2022/03/29 21:05:34 reader.go:1348: no messages received from kafka within the allocated time for partition 0 of reservations at offset 9
2022/03/29 21:05:43 reader.go:1348: no messages received from kafka within the allocated time for partition 0 of reservations at offset 9
2022/03/29 21:05:52 reader.go:1348: no messages received from kafka within the allocated time for partition 0 of reservations at offset 9
2022/03/29 21:06:01 reader.go:1348: no messages received from kafka within the allocated time for partition 0 of reservations at offset 9
2022/03/29 21:06:10 reader.go:1348: no messages received from kafka within the allocated time for partition 0 of reservations at offset 9
2022/03/29 21:06:19 reader.go:1348: no messages received from kafka within the allocated time for partition 0 of reservations at offset 9
2022/03/29 21:06:28 reader.go:1348: no messages received from kafka within the allocated time for partition 0 of reservations at offset 9
2022/03/29 21:06:37 reader.go:1348: no messages received from kafka within the allocated time for partition 0 of reservations at offset 9
2022/03/29 21:06:46 reader.go:1348: no messages received from kafka within the allocated time for partition 0 of reservations at offset 9
2022/03/29 21:06:55 reader.go:1348: no messages received from kafka within the allocated time for partition 0 of reservations at offset 9
2022/03/29 21:07:04 reader.go:1348: no messages received from kafka within the allocated time for partition 0 of reservations at offset 9
2022/03/29 21:07:13 reader.go:1348: no messages received from kafka within the allocated time for partition 0 of reservations at offset 9
2022/03/29 21:07:22 reader.go:1348: no messages received from kafka within the allocated time for partition 0 of reservations at offset 9
2022/03/29 21:07:31 reader.go:1348: no messages received from kafka within the allocated time for partition 0 of reservations at offset 9
2022/03/29 21:07:40 reader.go:1348: no messages received from kafka within the allocated time for partition 0 of reservations at offset 9
2022/03/29 21:07:49 reader.go:1348: no messages received from kafka within the allocated time for partition 0 of reservations at offset 9
2022/03/29 21:07:58 reader.go:1348: no messages received from kafka within the allocated time for partition 0 of reservations at offset 9
2022/03/29 21:08:08 reader.go:1348: no messages received from kafka within the allocated time for partition 0 of reservations at offset 9
2022/03/29 21:08:17 reader.go:1348: no messages received from kafka within the allocated time for partition 0 of reservations at offset 9
2022/03/29 21:08:26 reader.go:1348: no messages received from kafka within the allocated time for partition 0 of reservations at offset 9
2022/03/29 21:08:35 reader.go:1348: no messages received from kafka within the allocated time for partition 0 of reservations at offset 9
2022/03/29 21:08:44 reader.go:1348: no messages received from kafka within the allocated time for partition 0 of reservations at offset 9
2022/03/29 21:08:53 reader.go:1348: no messages received from kafka within the allocated time for partition 0 of reservations at offset 9
2022/03/29 21:09:02 reader.go:1348: no messages received from kafka within the allocated time for partition 0 of reservations at offset 9
2022/03/29 21:09:11 reader.go:1348: no messages received from kafka within the allocated time for partition 0 of reservations at offset 9
2022/03/29 21:09:20 reader.go:1348: no messages received from kafka within the allocated time for partition 0 of reservations at offset 9
2022/03/29 21:09:29 reader.go:1348: no messages received from kafka within the allocated time for partition 0 of reservations at offset 9
2022/03/29 21:09:38 reader.go:1348: no messages received from kafka within the allocated time for partition 0 of reservations at offset 9
2022/03/29 21:09:47 reader.go:1348: no messages received from kafka within the allocated time for partition 0 of reservations at offset 9
2022/03/29 21:09:56 reader.go:1348: no messages received from kafka within the allocated time for partition 0 of reservations at offset 9
2022/03/29 21:10:05 reader.go:1348: no messages received from kafka within the allocated time for partition 0 of reservations at offset 9
2022/03/29 21:10:14 reader.go:1348: no messages received from kafka within the allocated time for partition 0 of reservations at offset 9
2022/03/29 21:10:23 reader.go:1348: no messages received from kafka within the allocated time for partition 0 of reservations at offset 9
2022/03/29 21:10:32 reader.go:1348: no messages received from kafka within the allocated time for partition 0 of reservations at offset 9
2022/03/29 21:10:41 reader.go:1348: no messages received from kafka within the allocated time for partition 0 of reservations at offset 9
2022/03/29 21:10:50 reader.go:1348: no messages received from kafka within the allocated time for partition 0 of reservations at offset 9
2022/03/29 21:10:59 reader.go:1348: no messages received from kafka within the allocated time for partition 0 of reservations at offset 9
2022/03/29 21:11:08 reader.go:1348: no messages received from kafka within the allocated time for partition 0 of reservations at offset 9
2022/03/29 21:11:17 reader.go:1348: no messages received from kafka within the allocated time for partition 0 of reservations at offset 9
2022/03/29 21:11:26 reader.go:1348: no messages received from kafka within the allocated time for partition 0 of reservations at offset 9
2022/03/29 21:11:35 reader.go:1348: no messages received from kafka within the allocated time for partition 0 of reservations at offset 9
2022/03/29 21:11:44 reader.go:1348: no messages received from kafka within the allocated time for partition 0 of reservations at offset 9
2022/03/29 21:11:53 reader.go:1348: no messages received from kafka within the allocated time for partition 0 of reservations at offset 9
2022/03/29 21:12:02 reader.go:1348: no messages received from kafka within the allocated time for partition 0 of reservations at offset 9
2022/03/29 21:12:11 reader.go:1348: no messages received from kafka within the allocated time for partition 0 of reservations at offset 9
2022/03/29 21:12:20 reader.go:1348: no messages received from kafka within the allocated time for partition 0 of reservations at offset 9
2022/03/29 21:12:29 reader.go:1348: no messages received from kafka within the allocated time for partition 0 of reservations at offset 9
2022/03/29 21:12:38 reader.go:1348: no messages received from kafka within the allocated time for partition 0 of reservations at offset 9
2022/03/29 21:12:47 reader.go:1348: no messages received from kafka within the allocated time for partition 0 of reservations at offset 9
2022/03/29 21:12:56 reader.go:1348: no messages received from kafka within the allocated time for partition 0 of reservations at offset 9
2022/03/29 21:13:05 reader.go:1348: no messages received from kafka within the allocated time for partition 0 of reservations at offset 9
2022/03/29 21:13:14 reader.go:1348: no messages received from kafka within the allocated time for partition 0 of reservations at offset 9
2022/03/29 21:13:23 reader.go:1348: no messages received from kafka within the allocated time for partition 0 of reservations at offset 9
2022/03/29 21:13:32 reader.go:1348: no messages received from kafka within the allocated time for partition 0 of reservations at offset 9
2022/03/29 21:13:41 reader.go:1348: no messages received from kafka within the allocated time for partition 0 of reservations at offset 9
2022/03/29 21:13:50 reader.go:1348: no messages received from kafka within the allocated time for partition 0 of reservations at offset 9
2022/03/29 21:13:59 reader.go:1348: no messages received from kafka within the allocated time for partition 0 of reservations at offset 9
2022/03/29 21:14:08 reader.go:1348: no messages received from kafka within the allocated time for partition 0 of reservations at offset 9
2022/03/29 21:14:17 reader.go:1348: no messages received from kafka within the allocated time for partition 0 of reservations at offset 9
2022/03/29 21:14:26 reader.go:1348: no messages received from kafka within the allocated time for partition 0 of reservations at offset 9
2022/03/29 21:14:35 reader.go:1348: no messages received from kafka within the allocated time for partition 0 of reservations at offset 9
2022/03/29 21:14:44 reader.go:1348: no messages received from kafka within the allocated time for partition 0 of reservations at offset 9
2022/03/29 21:14:53 reader.go:1348: no messages received from kafka within the allocated time for partition 0 of reservations at offset 9
2022/03/29 21:15:02 reader.go:1348: no messages received from kafka within the allocated time for partition 0 of reservations at offset 9
2022/03/29 21:15:11 reader.go:1348: no messages received from kafka within the allocated time for partition 0 of reservations at offset 9
2022/03/29 21:15:20 reader.go:1348: no messages received from kafka within the allocated time for partition 0 of reservations at offset 9
2022/03/29 21:15:29 reader.go:1348: no messages received from kafka within the allocated time for partition 0 of reservations at offset 9
2022/03/29 21:15:38 reader.go:1348: no messages received from kafka within the allocated time for partition 0 of reservations at offset 9
2022/03/29 21:15:47 reader.go:1348: no messages received from kafka within the allocated time for partition 0 of reservations at offset 9
2022/03/29 21:15:56 reader.go:1348: no messages received from kafka within the allocated time for partition 0 of reservations at offset 9
2022/03/29 21:16:05 reader.go:1348: no messages received from kafka within the allocated time for partition 0 of reservations at offset 9
2022/03/29 21:16:14 reader.go:1348: no messages received from kafka within the allocated time for partition 0 of reservations at offset 9
2022/03/29 21:16:23 reader.go:1348: no messages received from kafka within the allocated time for partition 0 of reservations at offset 9
2022/03/29 21:16:32 reader.go:1348: no messages received from kafka within the allocated time for partition 0 of reservations at offset 9
2022/03/29 21:16:41 reader.go:1348: no messages received from kafka within the allocated time for partition 0 of reservations at offset 9
2022/03/29 21:16:50 reader.go:1348: no messages received from kafka within the allocated time for partition 0 of reservations at offset 9
2022/03/29 21:16:59 reader.go:1348: no messages received from kafka within the allocated time for partition 0 of reservations at offset 9
2022/03/29 21:17:08 reader.go:1348: no messages received from kafka within the allocated time for partition 0 of reservations at offset 9
2022/03/29 21:17:17 reader.go:1348: no messages received from kafka within the allocated time for partition 0 of reservations at offset 9
2022/03/29 21:17:26 reader.go:1348: no messages received from kafka within the allocated time for partition 0 of reservations at offset 9
2022/03/29 21:17:35 reader.go:1348: no messages received from kafka within the allocated time for partition 0 of reservations at offset 9
2022/03/29 21:17:44 reader.go:1348: no messages received from kafka within the allocated time for partition 0 of reservations at offset 9
2022/03/29 21:17:53 reader.go:1348: no messages received from kafka within the allocated time for partition 0 of reservations at offset 9
2022/03/29 21:18:02 reader.go:1348: no messages received from kafka within the allocated time for partition 0 of reservations at offset 9
2022/03/29 21:18:11 reader.go:1348: no messages received from kafka within the allocated time for partition 0 of reservations at offset 9
2022/03/29 21:18:20 reader.go:1348: no messages received from kafka within the allocated time for partition 0 of reservations at offset 9
2022/03/29 21:18:29 reader.go:1348: no messages received from kafka within the allocated time for partition 0 of reservations at offset 9
2022/03/29 21:18:38 reader.go:1348: no messages received from kafka within the allocated time for partition 0 of reservations at offset 9
2022/03/29 21:18:47 reader.go:1348: no messages received from kafka within the allocated time for partition 0 of reservations at offset 9
2022/03/29 21:18:56 reader.go:1348: no messages received from kafka within the allocated time for partition 0 of reservations at offset 9
2022/03/29 21:19:05 reader.go:1348: no messages received from kafka within the allocated time for partition 0 of reservations at offset 9
2022/03/29 21:19:14 reader.go:1348: no messages received from kafka within the allocated time for partition 0 of reservations at offset 9
2022/03/29 21:19:23 reader.go:1348: no messages received from kafka within the allocated time for partition 0 of reservations at offset 9
2022/03/29 21:19:32 reader.go:1348: no messages received from kafka within the allocated time for partition 0 of reservations at offset 9
2022/03/29 21:19:41 reader.go:1348: no messages received from kafka within the allocated time for partition 0 of reservations at offset 9
2022/03/29 21:19:50 reader.go:1348: no messages received from kafka within the allocated time for partition 0 of reservations at offset 9
2022/03/29 21:19:59 reader.go:1348: no messages received from kafka within the allocated time for partition 0 of reservations at offset 9
2022/03/29 21:20:08 reader.go:1348: no messages received from kafka within the allocated time for partition 0 of reservations at offset 9
2022/03/29 21:20:17 reader.go:1348: no messages received from kafka within the allocated time for partition 0 of reservations at offset 9
2022/03/29 21:20:26 reader.go:1348: no messages received from kafka within the allocated time for partition 0 of reservations at offset 9
2022/03/29 21:20:35 reader.go:1348: no messages received from kafka within the allocated time for partition 0 of reservations at offset 9
2022/03/29 21:20:44 reader.go:1348: no messages received from kafka within the allocated time for partition 0 of reservations at offset 9
2022/03/29 21:20:53 reader.go:1348: no messages received from kafka within the allocated time for partition 0 of reservations at offset 9
2022/03/29 21:21:02 reader.go:1348: no messages received from kafka within the allocated time for partition 0 of reservations at offset 9
2022/03/29 21:21:11 reader.go:1348: no messages received from kafka within the allocated time for partition 0 of reservations at offset 9
2022/03/29 21:21:20 reader.go:1348: no messages received from kafka within the allocated time for partition 0 of reservations at offset 9
2022/03/29 21:21:29 reader.go:1348: no messages received from kafka within the allocated time for partition 0 of reservations at offset 9
2022/03/29 21:21:38 reader.go:1348: no messages received from kafka within the allocated time for partition 0 of reservations at offset 9
2022/03/29 21:21:47 reader.go:1348: no messages received from kafka within the allocated time for partition 0 of reservations at offset 9
2022/03/29 21:21:56 reader.go:1348: no messages received from kafka within the allocated time for partition 0 of reservations at offset 9
2022/03/29 21:22:05 reader.go:1348: no messages received from kafka within the allocated time for partition 0 of reservations at offset 9
2022/03/29 21:22:14 reader.go:1348: no messages received from kafka within the allocated time for partition 0 of reservations at offset 9
2022/03/29 21:22:23 reader.go:1348: no messages received from kafka within the allocated time for partition 0 of reservations at offset 9
2022/03/29 21:22:32 reader.go:1348: no messages received from kafka within the allocated time for partition 0 of reservations at offset 9
2022/03/29 21:22:41 reader.go:1348: no messages received from kafka within the allocated time for partition 0 of reservations at offset 9
2022/03/29 21:22:50 reader.go:1348: no messages received from kafka within the allocated time for partition 0 of reservations at offset 9
2022/03/29 21:22:59 reader.go:1348: no messages received from kafka within the allocated time for partition 0 of reservations at offset 9
2022/03/29 21:23:08 reader.go:1348: no messages received from kafka within the allocated time for partition 0 of reservations at offset 9
2022/03/29 21:23:17 reader.go:1348: no messages received from kafka within the allocated time for partition 0 of reservations at offset 9
2022/03/29 21:23:26 reader.go:1348: no messages received from kafka within the allocated time for partition 0 of reservations at offset 9
2022/03/29 21:23:35 reader.go:1348: no messages received from kafka within the allocated time for partition 0 of reservations at offset 9
2022/03/29 21:23:44 reader.go:1348: no messages received from kafka within the allocated time for partition 0 of reservations at offset 9
2022/03/29 21:23:53 reader.go:1348: no messages received from kafka within the allocated time for partition 0 of reservations at offset 9
2022/03/29 21:24:02 reader.go:1348: no messages received from kafka within the allocated time for partition 0 of reservations at offset 9
2022/03/29 21:24:11 reader.go:1348: no messages received from kafka within the allocated time for partition 0 of reservations at offset 9
2022/03/29 21:24:20 reader.go:1348: no messages received from kafka within the allocated time for partition 0 of reservations at offset 9
2022/03/29 21:24:29 reader.go:1348: no messages received from kafka within the allocated time for partition 0 of reservations at offset 9
2022/03/29 21:24:38 reader.go:1348: no messages received from kafka within the allocated time for partition 0 of reservations at offset 9
2022/03/29 21:24:47 reader.go:1348: no messages received from kafka within the allocated time for partition 0 of reservations at offset 9
2022/03/29 21:24:57 reader.go:1348: no messages received from kafka within the allocated time for partition 0 of reservations at offset 9
2022/03/29 21:25:06 reader.go:1348: no messages received from kafka within the allocated time for partition 0 of reservations at offset 9
2022/03/29 21:25:15 reader.go:1348: no messages received from kafka within the allocated time for partition 0 of reservations at offset 9
2022/03/29 21:25:24 reader.go:1348: no messages received from kafka within the allocated time for partition 0 of reservations at offset 9
2022/03/29 21:25:33 reader.go:1348: no messages received from kafka within the allocated time for partition 0 of reservations at offset 9
2022/03/29 21:25:42 reader.go:1348: no messages received from kafka within the allocated time for partition 0 of reservations at offset 9
2022/03/29 21:25:51 reader.go:1348: no messages received from kafka within the allocated time for partition 0 of reservations at offset 9
2022/03/29 21:26:00 reader.go:1348: no messages received from kafka within the allocated time for partition 0 of reservations at offset 9
2022/03/29 21:26:09 reader.go:1348: no messages received from kafka within the allocated time for partition 0 of reservations at offset 9
2022/03/29 21:26:18 reader.go:1348: no messages received from kafka within the allocated time for partition 0 of reservations at offset 9
2022/03/29 21:26:27 reader.go:1348: no messages received from kafka within the allocated time for partition 0 of reservations at offset 9
2022/03/29 21:26:36 reader.go:1348: no messages received from kafka within the allocated time for partition 0 of reservations at offset 9
2022/03/29 21:26:45 reader.go:1348: no messages received from kafka within the allocated time for partition 0 of reservations at offset 9
2022/03/29 21:26:54 reader.go:1348: no messages received from kafka within the allocated time for partition 0 of reservations at offset 9
2022/03/29 21:27:03 reader.go:1348: no messages received from kafka within the allocated time for partition 0 of reservations at offset 9
2022/03/29 21:27:12 reader.go:1348: no messages received from kafka within the allocated time for partition 0 of reservations at offset 9
2022/03/29 21:27:21 reader.go:1348: no messages received from kafka within the allocated time for partition 0 of reservations at offset 9
2022/03/29 21:27:30 reader.go:1348: no messages received from kafka within the allocated time for partition 0 of reservations at offset 9
2022/03/29 21:27:39 reader.go:1348: no messages received from kafka within the allocated time for partition 0 of reservations at offset 9
2022/03/29 21:27:48 reader.go:1348: no messages received from kafka within the allocated time for partition 0 of reservations at offset 9
2022/03/29 21:27:57 reader.go:1348: no messages received from kafka within the allocated time for partition 0 of reservations at offset 9
2022/03/29 21:28:06 reader.go:1348: no messages received from kafka within the allocated time for partition 0 of reservations at offset 9
2022/03/29 21:28:15 reader.go:1348: no messages received from kafka within the allocated time for partition 0 of reservations at offset 9
2022/03/29 21:28:24 reader.go:1348: no messages received from kafka within the allocated time for partition 0 of reservations at offset 9
2022/03/29 21:28:33 reader.go:1348: no messages received from kafka within the allocated time for partition 0 of reservations at offset 9
2022/03/29 21:28:42 reader.go:1348: no messages received from kafka within the allocated time for partition 0 of reservations at offset 9
2022/03/29 21:28:51 reader.go:1348: no messages received from kafka within the allocated time for partition 0 of reservations at offset 9
2022/03/29 21:29:00 reader.go:1348: no messages received from kafka within the allocated time for partition 0 of reservations at offset 9
2022/03/29 21:29:09 reader.go:1348: no messages received from kafka within the allocated time for partition 0 of reservations at offset 9
2022/03/29 21:29:18 reader.go:1348: no messages received from kafka within the allocated time for partition 0 of reservations at offset 9
2022/03/29 21:29:27 reader.go:1348: no messages received from kafka within the allocated time for partition 0 of reservations at offset 9
2022/03/29 21:29:36 reader.go:1348: no messages received from kafka within the allocated time for partition 0 of reservations at offset 9
2022/03/29 21:29:45 reader.go:1348: no messages received from kafka within the allocated time for partition 0 of reservations at offset 9
2022/03/29 21:29:54 reader.go:1348: no messages received from kafka within the allocated time for partition 0 of reservations at offset 9
2022/03/29 21:30:03 reader.go:1348: no messages received from kafka within the allocated time for partition 0 of reservations at offset 9
2022/03/29 21:30:12 reader.go:1348: no messages received from kafka within the allocated time for partition 0 of reservations at offset 9
2022/03/29 21:30:21 reader.go:1348: no messages received from kafka within the allocated time for partition 0 of reservations at offset 9
2022/03/29 21:30:30 reader.go:1348: no messages received from kafka within the allocated time for partition 0 of reservations at offset 9
2022/03/29 21:30:39 reader.go:1348: no messages received from kafka within the allocated time for partition 0 of reservations at offset 9
2022/03/29 21:30:48 reader.go:1348: no messages received from kafka within the allocated time for partition 0 of reservations at offset 9
2022/03/29 21:30:57 reader.go:1348: no messages received from kafka within the allocated time for partition 0 of reservations at offset 9
2022/03/29 21:31:06 reader.go:1348: no messages received from kafka within the allocated time for partition 0 of reservations at offset 9
2022/03/29 21:31:15 reader.go:1348: no messages received from kafka within the allocated time for partition 0 of reservations at offset 9
2022/03/29 21:31:24 reader.go:1348: no messages received from kafka within the allocated time for partition 0 of reservations at offset 9
2022/03/29 21:31:33 reader.go:1348: no messages received from kafka within the allocated time for partition 0 of reservations at offset 9
2022/03/29 21:31:42 reader.go:1348: no messages received from kafka within the allocated time for partition 0 of reservations at offset 9
2022/03/29 21:31:51 reader.go:1348: no messages received from kafka within the allocated time for partition 0 of reservations at offset 9
2022/03/29 21:32:00 reader.go:1348: no messages received from kafka within the allocated time for partition 0 of reservations at offset 9
2022/03/29 21:32:09 reader.go:1348: no messages received from kafka within the allocated time for partition 0 of reservations at offset 9
2022/03/29 21:32:18 reader.go:1348: no messages received from kafka within the allocated time for partition 0 of reservations at offset 9
2022/03/29 21:32:27 reader.go:1348: no messages received from kafka within the allocated time for partition 0 of reservations at offset 9
2022/03/29 21:32:36 reader.go:1348: no messages received from kafka within the allocated time for partition 0 of reservations at offset 9
2022/03/29 21:32:45 reader.go:1348: no messages received from kafka within the allocated time for partition 0 of reservations at offset 9
2022/03/29 21:32:54 reader.go:1348: no messages received from kafka within the allocated time for partition 0 of reservations at offset 9
2022/03/29 21:33:03 reader.go:1348: no messages received from kafka within the allocated time for partition 0 of reservations at offset 9
2022/03/29 21:33:12 reader.go:1348: no messages received from kafka within the allocated time for partition 0 of reservations at offset 9
2022/03/29 21:33:21 reader.go:1348: no messages received from kafka within the allocated time for partition 0 of reservations at offset 9
2022/03/29 21:33:30 reader.go:1348: no messages received from kafka within the allocated time for partition 0 of reservations at offset 9
2022/03/29 21:33:39 reader.go:1348: no messages received from kafka within the allocated time for partition 0 of reservations at offset 9
2022/03/29 21:33:48 reader.go:1348: no messages received from kafka within the allocated time for partition 0 of reservations at offset 9
2022/03/29 21:33:57 reader.go:1348: no messages received from kafka within the allocated time for partition 0 of reservations at offset 9
2022/03/29 21:34:06 reader.go:1348: no messages received from kafka within the allocated time for partition 0 of reservations at offset 9
2022/03/29 21:34:15 reader.go:1348: no messages received from kafka within the allocated time for partition 0 of reservations at offset 9
2022/03/29 21:34:24 reader.go:1348: no messages received from kafka within the allocated time for partition 0 of reservations at offset 9
2022/03/29 21:34:33 reader.go:1348: no messages received from kafka within the allocated time for partition 0 of reservations at offset 9
2022/03/29 21:34:42 reader.go:1348: no messages received from kafka within the allocated time for partition 0 of reservations at offset 9
2022/03/29 21:34:51 reader.go:1348: no messages received from kafka within the allocated time for partition 0 of reservations at offset 9
2022/03/29 21:35:00 reader.go:1348: no messages received from kafka within the allocated time for partition 0 of reservations at offset 9
2022/03/29 21:35:09 reader.go:1348: no messages received from kafka within the allocated time for partition 0 of reservations at offset 9
2022/03/29 21:35:18 reader.go:1348: no messages received from kafka within the allocated time for partition 0 of reservations at offset 9
2022/03/29 21:35:27 reader.go:1348: no messages received from kafka within the allocated time for partition 0 of reservations at offset 9
2022/03/29 21:35:36 reader.go:1348: no messages received from kafka within the allocated time for partition 0 of reservations at offset 9
2022/03/30 17:41:15 reader.go:311: entering loop for consumer group, my-group
2022/03/30 17:41:15 consumergroup.go:946: joined group my-group as member gin.exe@LAPTOP-RULD3VCE (github.com/segmentio/kafka-go)-bcd63edd-61be-4af0-aa23-0169e7b98b4c in generation 8
2022/03/30 17:41:15 consumergroup.go:1006: selected as leader for group, my-group
2022/03/30 17:41:15 consumergroup.go:1034: using 'range' balancer to assign group, my-group
2022/03/30 17:41:15 consumergroup.go:1036: found member: gin.exe@LAPTOP-RULD3VCE (github.com/segmentio/kafka-go)-bcd63edd-61be-4af0-aa23-0169e7b98b4c/[]byte(nil)
2022/03/30 17:41:15 consumergroup.go:1039: found topic/partition: reservations/0
2022/03/30 17:41:15 consumergroup.go:960: assigned member/topic/partitions gin.exe@LAPTOP-RULD3VCE (github.com/segmentio/kafka-go)-bcd63edd-61be-4af0-aa23-0169e7b98b4c/reservations/[0]
2022/03/30 17:41:15 consumergroup.go:967: joinGroup succeeded for response, my-group.  generationID=8, memberID=gin.exe@LAPTOP-RULD3VCE (github.com/segmentio/kafka-go)-bcd63edd-61be-4af0-aa23-0169e7b98b4c
2022/03/30 17:41:15 consumergroup.go:800: Joined group my-group as member gin.exe@LAPTOP-RULD3VCE (github.com/segmentio/kafka-go)-bcd63edd-61be-4af0-aa23-0169e7b98b4c in generation 8
2022/03/30 17:41:15 consumergroup.go:1133: Syncing 1 assignments for generation 8 as member gin.exe@LAPTOP-RULD3VCE (github.com/segmentio/kafka-go)-bcd63edd-61be-4af0-aa23-0169e7b98b4c
2022/03/30 17:41:15 consumergroup.go:1098: sync group finished for group, my-group
2022/03/30 17:41:15 consumergroup.go:467: started heartbeat for group, my-group [3s]
2022/03/30 17:41:15 reader.go:141: subscribed to topics and partitions: map[{topic:reservations partition:0}:9]
2022/03/30 17:41:15 reader.go:1263: initializing kafka reader for partition 0 of reservations starting at offset 9
2022/03/30 17:41:15 reader.go:289: started commit for group my-group
2022/03/30 17:41:15 reader.go:1445: the kafka reader for partition 0 of reservations is seeking to offset 9
2022/03/30 17:41:24 reader.go:1348: no messages received from kafka within the allocated time for partition 0 of reservations at offset 9
2022/03/30 17:41:33 reader.go:1348: no messages received from kafka within the allocated time for partition 0 of reservations at offset 9
2022/03/30 17:41:42 reader.go:1348: no messages received from kafka within the allocated time for partition 0 of reservations at offset 9
2022/03/30 17:41:51 reader.go:1348: no messages received from kafka within the allocated time for partition 0 of reservations at offset 9
2022/03/30 17:42:01 reader.go:1348: no messages received from kafka within the allocated time for partition 0 of reservations at offset 9
2022/03/30 17:42:10 reader.go:1348: no messages received from kafka within the allocated time for partition 0 of reservations at offset 9
2022/03/30 17:42:19 reader.go:1348: no messages received from kafka within the allocated time for partition 0 of reservations at offset 9
